<?xml version="1.0" encoding="UTF-8"?>
<!-- Generated by org.testng.reporters.JUnitReportReporter -->
<testsuite skipped="0" hostname="DESKTOP-BVEQ18G" name="restAssured.TC_VideoGameAPI" tests="1" failures="0" timestamp="2021-10-12T13:42:53 AEDT" time="3.145" errors="0">
  <testcase name="delete_Game" time="3.145" classname="restAssured.TC_VideoGameAPI"/>
  <system-out/>
</testsuite> <!-- restAssured.TC_VideoGameAPI -->
