<?xml version="1.0" encoding="UTF-8"?>
<!-- Generated by org.testng.reporters.JUnitReportReporter -->
<testsuite skipped="0" hostname="DESKTOP-BVEQ18G" name="getRequest.getData" tests="2" failures="0" timestamp="2021-08-26T15:59:45 AEST" time="6.537" errors="0">
  <testcase name="testResponseCode" time="4.860" classname="getRequest.getData"/>
  <system-out/>
  <testcase name="testbody" time="1.677" classname="getRequest.getData"/>
  <system-out/>
</testsuite> <!-- getRequest.getData -->
